********************************************************************************************************************************************************************************************************
  Comp Id : <001>  User Id : <007>  Date :<2025-05-28>  Time :<14:19:13> - Version V.[250527].1/(10.4.2).1.0.F.32
Can Not Open Db : Driver =<MSSQL>  Server =<AINSEBAA-SQL> Db Name =<AINSEBAA_DB> User Name = <SA>
[FireDAC][Phys][ODBC][Microsoft][SQL Server Native Client 11.0]Named Pipes Provider: Could not open a connection to SQL Server [53]. 
========================================================================================================================================================================================================
********************************************************************************************************************************************************************************************************
  Comp Id : <001>  User Id : <007>  Date :<2025-05-28>  Time :<14:19:30> - Version V.[250527].1/(10.4.2).1.0.F.32
Can Not Open Db : Driver =<MSSQL>  Server =<AINSEBAA-SQL> Db Name =<AINSEBAA_DB> User Name = <SA>
[FireDAC][Phys][ODBC][Microsoft][SQL Server Native Client 11.0]Named Pipes Provider: Could not open a connection to SQL Server [53]. 
========================================================================================================================================================================================================
********************************************************************************************************************************************************************************************************
  Comp Id : <001>  User Id : <007>  Date :<2025-05-28>  Time :<14:19:30> - Version V.[250527].1/(10.4.2).1.0.F.32
Error in prepare query
select *
from &DS_SHIPMENT_COMP_TBL 
order by DS_SHIPMENT_COMP
========================================================================================================================================================================================================
********************************************************************************************************************************************************************************************************
  Comp Id : <001>  User Id : <007>  Date :<2025-05-28>  Time :<14:19:46> - Version V.[250527].1/(10.4.2).1.0.F.32
Can Not Open Db : Driver =<MSSQL>  Server =<AINSEBAA-SQL> Db Name =<AINSEBAA_DB> User Name = <SA>
[FireDAC][Phys][ODBC][Microsoft][SQL Server Native Client 11.0]Named Pipes Provider: Could not open a connection to SQL Server [53]. 
========================================================================================================================================================================================================
********************************************************************************************************************************************************************************************************
  Comp Id : <001>  User Id : <007>  Date :<2025-05-28>  Time :<14:20:04> - Version V.[250527].1/(10.4.2).1.0.F.32
Can Not Open Db : Driver =<MSSQL>  Server =<AINSEBAA-SQL> Db Name =<AINSEBAA_DB> User Name = <SA>
[FireDAC][Phys][ODBC][Microsoft][SQL Server Native Client 11.0]Named Pipes Provider: Could not open a connection to SQL Server [53]. 
========================================================================================================================================================================================================
********************************************************************************************************************************************************************************************************
  Comp Id : <001>  User Id : <007>  Date :<2025-05-28>  Time :<14:20:04> - Version V.[250527].1/(10.4.2).1.0.F.32
Error in prepare query
select *
from &DS_SHIPMENT_PLACE_TBL 
order by ANAME
========================================================================================================================================================================================================
********************************************************************************************************************************************************************************************************
  Comp Id : <001>  User Id : <007>  Date :<2025-05-28>  Time :<14:20:20> - Version V.[250527].1/(10.4.2).1.0.F.32
Can Not Open Db : Driver =<MSSQL>  Server =<AINSEBAA-SQL> Db Name =<AINSEBAA_DB> User Name = <SA>
[FireDAC][Phys][ODBC][Microsoft][SQL Server Native Client 11.0]Named Pipes Provider: Could not open a connection to SQL Server [53]. 
========================================================================================================================================================================================================
********************************************************************************************************************************************************************************************************
  Comp Id : <001>  User Id : <007>  Date :<2025-05-28>  Time :<14:20:38> - Version V.[250527].1/(10.4.2).1.0.F.32
Can Not Open Db : Driver =<MSSQL>  Server =<AINSEBAA-SQL> Db Name =<AINSEBAA_DB> User Name = <SA>
[FireDAC][Phys][ODBC][Microsoft][SQL Server Native Client 11.0]Named Pipes Provider: Could not open a connection to SQL Server [53]. 
========================================================================================================================================================================================================
********************************************************************************************************************************************************************************************************
  Comp Id : <001>  User Id : <007>  Date :<2025-05-28>  Time :<14:20:38> - Version V.[250527].1/(10.4.2).1.0.F.32
Error in prepare query
select *
from &DS_STATE_TBL 
order by DS_STATE
========================================================================================================================================================================================================
********************************************************************************************************************************************************************************************************
  Comp Id : <001>  User Id : <007>  Date :<2025-05-28>  Time :<14:20:54> - Version V.[250527].1/(10.4.2).1.0.F.32
Can Not Open Db : Driver =<MSSQL>  Server =<AINSEBAA-SQL> Db Name =<AINSEBAA_DB> User Name = <SA>
[FireDAC][Phys][ODBC][Microsoft][SQL Server Native Client 11.0]Named Pipes Provider: Could not open a connection to SQL Server [53]. 
========================================================================================================================================================================================================
********************************************************************************************************************************************************************************************************
  Comp Id : <001>  User Id : <007>  Date :<2025-05-28>  Time :<14:21:11> - Version V.[250527].1/(10.4.2).1.0.F.32
Can Not Open Db : Driver =<MSSQL>  Server =<AINSEBAA-SQL> Db Name =<AINSEBAA_DB> User Name = <SA>
[FireDAC][Phys][ODBC][Microsoft][SQL Server Native Client 11.0]Named Pipes Provider: Could not open a connection to SQL Server [53]. 
========================================================================================================================================================================================================
********************************************************************************************************************************************************************************************************
  Comp Id : <001>  User Id : <007>  Date :<2025-05-28>  Time :<14:21:11> - Version V.[250527].1/(10.4.2).1.0.F.32
Error in prepare query
select *
from &DS_SHIPMENT_ZONE_TBL 
order by DS_SHIPMENT_ZONE
========================================================================================================================================================================================================
********************************************************************************************************************************************************************************************************
  Comp Id : <001>  User Id : <007>  Date :<2025-05-28>  Time :<14:21:28> - Version V.[250527].1/(10.4.2).1.0.F.32
Can Not Open Db : Driver =<MSSQL>  Server =<AINSEBAA-SQL> Db Name =<AINSEBAA_DB> User Name = <SA>
[FireDAC][Phys][ODBC][Microsoft][SQL Server Native Client 11.0]Named Pipes Provider: Could not open a connection to SQL Server [53]. 
========================================================================================================================================================================================================
********************************************************************************************************************************************************************************************************
  Comp Id : <001>  User Id : <007>  Date :<2025-05-28>  Time :<14:21:45> - Version V.[250527].1/(10.4.2).1.0.F.32
Can Not Open Db : Driver =<MSSQL>  Server =<AINSEBAA-SQL> Db Name =<AINSEBAA_DB> User Name = <SA>
[FireDAC][Phys][ODBC][Microsoft][SQL Server Native Client 11.0]Named Pipes Provider: Could not open a connection to SQL Server [53]. 
========================================================================================================================================================================================================
********************************************************************************************************************************************************************************************************
  Comp Id : <001>  User Id : <007>  Date :<2025-05-28>  Time :<14:21:45> - Version V.[250527].1/(10.4.2).1.0.F.32
Error in prepare query
select *
from &SA_Sales_Locations_Tbl 
order by SL_LOC_ID
========================================================================================================================================================================================================
********************************************************************************************************************************************************************************************************
  Comp Id : <001>  User Id : <007>  Date :<2025-05-28>  Time :<14:22:01> - Version V.[250527].1/(10.4.2).1.0.F.32
Can Not Open Db : Driver =<MSSQL>  Server =<AINSEBAA-SQL> Db Name =<AINSEBAA_DB> User Name = <SA>
[FireDAC][Phys][ODBC][Microsoft][SQL Server Native Client 11.0]Named Pipes Provider: Could not open a connection to SQL Server [53]. 
========================================================================================================================================================================================================
********************************************************************************************************************************************************************************************************
  Comp Id : <001>  User Id : <007>  Date :<2025-05-28>  Time :<14:22:18> - Version V.[250527].1/(10.4.2).1.0.F.32
Can Not Open Db : Driver =<MSSQL>  Server =<AINSEBAA-SQL> Db Name =<AINSEBAA_DB> User Name = <SA>
[FireDAC][Phys][ODBC][Microsoft][SQL Server Native Client 11.0]Named Pipes Provider: Could not open a connection to SQL Server [53]. 
========================================================================================================================================================================================================
********************************************************************************************************************************************************************************************************
  Comp Id : <001>  User Id : <007>  Date :<2025-05-28>  Time :<14:22:18> - Version V.[250527].1/(10.4.2).1.0.F.32
Error in prepare query
Select 
S_SERIAL
,ID
,COUNTER
,QTY
,SENT
,S_SERIAL
From &DS_DEF_INV_ITEMS_TBL A
Where 
PARAM_ID = "DS_INV_ITEM"
========================================================================================================================================================================================================
********************************************************************************************************************************************************************************************************
  Comp Id : <001>  User Id : <007>  Date :<2025-05-28>  Time :<14:22:18> - Version V.[250527].1/(10.4.2).1.0.F.32
Error in prepare query
Select 
S_SERIAL
,ID
,QTY
,COUNTER
,LREMARKS
,S_SERIAL
From &DS_DEF_INV_ITEMS_TBL A
Where 
PARAM_ID = "DS_SHOWER_PARAM"
========================================================================================================================================================================================================
********************************************************************************************************************************************************************************************************
  Comp Id : <001>  User Id : <007>  Date :<2025-05-28>  Time :<14:22:19> - Version V.[250527].1/(10.4.2).1.0.F.32
Error in prepare query
Select 
S_SERIAL
,ID
,COUNTER
,QTY
,SENT
,S_SERIAL
From &DS_DEF_INV_ITEMS_TBL A
Where 
PARAM_ID = "DS_INV_ITEM"
========================================================================================================================================================================================================
********************************************************************************************************************************************************************************************************
  Comp Id : <001>  User Id : <007>  Date :<2025-05-28>  Time :<14:22:19> - Version V.[250527].1/(10.4.2).1.0.F.32
Error in prepare query
Select 
S_SERIAL
,ID
,QTY
,COUNTER
,LREMARKS
,S_SERIAL
From &DS_DEF_INV_ITEMS_TBL A
Where 
PARAM_ID = "DS_SHOWER_PARAM"
========================================================================================================================================================================================================
********************************************************************************************************************************************************************************************************
  Comp Id : <001>  User Id : <007>  Date :<2025-05-28>  Time :<14:22:35> - Version V.[250527].1/(10.4.2).1.0.F.32
Can Not Open Db : Driver =<MSSQL>  Server =<AINSEBAA-SQL> Db Name =<AINSEBAA_DB> User Name = <SA>
[FireDAC][Phys][ODBC][Microsoft][SQL Server Native Client 11.0]Named Pipes Provider: Could not open a connection to SQL Server [53]. 
========================================================================================================================================================================================================
********************************************************************************************************************************************************************************************************
  Comp Id : <001>  User Id : <007>  Date :<2025-05-28>  Time :<14:22:52> - Version V.[250527].1/(10.4.2).1.0.F.32
Can Not Open Db : Driver =<MSSQL>  Server =<AINSEBAA-SQL> Db Name =<AINSEBAA_DB> User Name = <SA>
[FireDAC][Phys][ODBC][Microsoft][SQL Server Native Client 11.0]Named Pipes Provider: Could not open a connection to SQL Server [53]. 
========================================================================================================================================================================================================
********************************************************************************************************************************************************************************************************
  Comp Id : <001>  User Id : <007>  Date :<2025-05-28>  Time :<14:22:52> - Version V.[250527].1/(10.4.2).1.0.F.32
Error in prepare query
Select A.SHIFT_ID ,A.LAST_OPEN_DATE
From &DS_SHIFT_TBL A
 where A.SHIFT_STATUS = "1"
Order By A.LAST_OPEN_DATE Desc 
========================================================================================================================================================================================================
********************************************************************************************************************************************************************************************************
  Comp Id : <001>  User Id : <007>  Date :<2025-05-28>  Time :<04:43:17> - Version V.[250527].1/(10.4.2).1.0.F.32
[FireDAC][Phys][ODBC][Microsoft][ODBC SQL Server Driver][SQL Server]String or binary data would be truncated.
Insert into  AINSEBAA_DB.dbo.A000032T 
( S_SERIAL
,FORM_ANAME
,FORM_LNAME
,OP_TYPE
,OP_ANAME
,OP_LNAME
,DICT_ID
,DICT_VAL
,DICT_VAL_TYPE
,OP_CATEGORY
,MACHINE_NAME
,OS_USER
,LNAME
,ANAME
,MODULE_ID
,COMP_ID
,LAST_DATE
,USER_ID
,LAST_USER
,SENT
,ADD_TIME
,ADD_DATE
)
 Values 
(
'SA00775RQDVJ6S'
,
'œ«Œ·Ì  - «·›Ê« Ì— «·‰ﬁœÌ…-From:B_DS_DISTR -Key:02000003 -Op:≈÷«›…'
,
'Internal - Cash Invoice'
,
'10'
,
'≈÷«›…'
,
'Add'
,
'AR_CASH_INV'
,
'0200078974'
,
'CA'
,
'0'
,
'DESKTOP-H7UEPN2'
,
'hp'
,
'Win. User = hp , Machine = DESKTOP-H7UEPN2'
,
'V.[250527].1/(10.4.2).1.0.F.32'
,
'SA'
,
'001'
,
'2025-05-28'
,
'007'
,
'007'
,
'0'
,
'04:43:17'
,
'2025-05-28'
)
========================================================================================================================================================================================================
********************************************************************************************************************************************************************************************************
  Comp Id : <001>  User Id : <100>  Date :<2025-05-28>  Time :<08:07:46> - Version V.[250527].1/(10.4.2).1.0.F.32
Error in prepare query
Select A.*
From &DS_Offer_FOR_ITEM_TBL A
where A.FROM_DATE <="2024-11-30"
and A.TO_DATE >="2024-11-30"
And A.HELD ="0"
Order By A.DS_Offer_FOR_ITEM
========================================================================================================================================================================================================
********************************************************************************************************************************************************************************************************
  Comp Id : <001>  User Id : <100>  Date :<2025-05-28>  Time :<08:07:47> - Version V.[250527].1/(10.4.2).1.0.F.32
[FireDAC][Phys][ODBC][Microsoft][ODBC SQL Server Driver][SQL Server]Invalid column name 'DS_Offer_Slice'.
Select A.*
,B.ITEM_ID,B.QTY,B.OFFER_BP
From  AINSEBAA_DB.dbo.ACC011DS06  A (NOLOCK) 
, AINSEBAA_DB.dbo.ACC011DS061  B (NOLOCK) 
Where A.DS_Offer_Slice=B.DS_OFFER_SLICE
and A.FROM_DATE <='2024-11-30'
and A.TO_DATE >='2024-11-30'
And (A.HELD <'1' OR A.HELD IS NULL)
Order By A.DS_OFFER_SLICE,B.OFFER_BP
========================================================================================================================================================================================================
********************************************************************************************************************************************************************************************************
  Comp Id : <001>  User Id : <100>  Date :<2025-05-28>  Time :<08:07:56> - Version V.[250527].1/(10.4.2).1.0.F.32
[FireDAC][Phys][ODBC][Microsoft][ODBC SQL Server Driver][SQL Server]String or binary data would be truncated.
Insert into  AINSEBAA_DB.dbo.A000032T 
( S_SERIAL
,FORM_ANAME
,FORM_LNAME
,OP_TYPE
,OP_ANAME
,OP_LNAME
,DICT_ID
,DICT_VAL
,DICT_VAL_TYPE
,OP_CATEGORY
,MACHINE_NAME
,OS_USER
,LNAME
,ANAME
,MODULE_ID
,COMP_ID
,LAST_DATE
,USER_ID
,LAST_USER
,SENT
,ADD_TIME
,ADD_DATE
)
 Values 
(
'SA002S75R1C2W9K9'
,
'œ«Œ·Ì  - „” ‰œ  ’—› „»Ì⁄« -From:D_E_CA_INV -Key:0200000001 -Op:≈÷«›…'
,
'Internal - Sales Voucher'
,
'10'
,
'≈÷«›…'
,
'Add'
,
'ST_OUT_SAL_VOU_ID'
,
'020100000001'
,
'SL_IS_SLO_O'
,
'0'
,
'DESKTOP-H7UEPN2'
,
'hp'
,
'Win. User = hp , Machine = DESKTOP-H7UEPN2'
,
'V.[250527].1/(10.4.2).1.0.F.32'
,
'SA'
,
'001'
,
'2025-05-28'
,
'100'
,
'100'
,
'0'
,
'08:07:56'
,
'2025-05-28'
)
========================================================================================================================================================================================================
********************************************************************************************************************************************************************************************************
  Comp Id : <001>  User Id : <007>  Date :<2025-05-28>  Time :<13:45:47> - Version V.[250527].1/(10.4.2).1.0.F.32
[FireDAC][Phys][ODBC][Microsoft][ODBC SQL Server Driver][DBNETLIB]ConnectionWrite (send()).
Insert into  AINSEBAA_DB.dbo.A000032T 
( S_SERIAL
,OP_CATEGORY
,FORM_ANAME
,FORM_LNAME
,OP_TYPE
,OP_ANAME
,OP_LNAME
,DICT_ID
,DICT_VAL
,MACHINE_NAME
,OS_USER
,LNAME
,ANAME
,DICT_VAL_TYPE
,MODULE_ID
,COMP_ID
,LAST_DATE
,USER_ID
,LAST_USER
,SENT
,ADD_TIME
,ADD_DATE
)
 Values 
(
'SA00775R283TTP3'
,
'0'
,
'Œ—ÊÃ „‰ «·‰Ÿ«„'
,
'Logout from module'
,
'05'
,
'Œ—ÊÃ'
,
'Logout'
,
'NO'
,
'NO'
,
'DESKTOP-H7UEPN2'
,
'hp'
,
'Win. User = hp , Machine = DESKTOP-H7UEPN2'
,
'V.[250527].1/(10.4.2).1.0.F.32'
,
'NO'
,
'SA'
,
'001'
,
'2025-05-28'
,
'007'
,
'007'
,
'0'
,
'13:45:47'
,
'2025-05-28'
)
========================================================================================================================================================================================================
********************************************************************************************************************************************************************************************************
  Comp Id : <001>  User Id : <007>  Date :<2025-05-29>  Time :<04:01:41> - Version V.[250527].1/(10.4.2).1.0.F.32
Error in prepare query
Select A.*
From &DS_Offer_FOR_ITEM_TBL A
where A.FROM_DATE <="2025-05-29"
and A.TO_DATE >="2025-05-29"
And A.HELD ="0"
Order By A.DS_Offer_FOR_ITEM
========================================================================================================================================================================================================
********************************************************************************************************************************************************************************************************
  Comp Id : <001>  User Id : <007>  Date :<2025-05-29>  Time :<04:01:41> - Version V.[250527].1/(10.4.2).1.0.F.32
[FireDAC][Phys][ODBC][Microsoft][ODBC SQL Server Driver][SQL Server]Invalid column name 'DS_Offer_Slice'.
Select A.*
,B.ITEM_ID,B.QTY,B.OFFER_BP
From  AINSEBAA_DB.dbo.ACC011DS06  A (NOLOCK) 
, AINSEBAA_DB.dbo.ACC011DS061  B (NOLOCK) 
Where A.DS_Offer_Slice=B.DS_OFFER_SLICE
and A.FROM_DATE <='2025-05-29'
and A.TO_DATE >='2025-05-29'
And (A.HELD <'1' OR A.HELD IS NULL)
Order By A.DS_OFFER_SLICE,B.OFFER_BP
========================================================================================================================================================================================================
********************************************************************************************************************************************************************************************************
  Comp Id : <001>  User Id : <007>  Date :<2025-05-29>  Time :<04:01:49> - Version V.[250527].1/(10.4.2).1.0.F.32
[FireDAC][Phys][ODBC][Microsoft][ODBC SQL Server Driver][SQL Server]String or binary data would be truncated.
Insert into  AINSEBAA_DB.dbo.A000032T 
( S_SERIAL
,FORM_ANAME
,FORM_LNAME
,OP_TYPE
,OP_ANAME
,OP_LNAME
,DICT_ID
,DICT_VAL
,DICT_VAL_TYPE
,OP_CATEGORY
,MACHINE_NAME
,OS_USER
,LNAME
,ANAME
,MODULE_ID
,COMP_ID
,LAST_DATE
,USER_ID
,LAST_USER
,SENT
,ADD_TIME
,ADD_DATE
)
 Values 
(
'SA00775SNWJM89'
,
'œ«Œ·Ì  - „” ‰œ  ’—› „»Ì⁄« -From:D_E_CA_INV -Key:0200000004 -Op:≈÷«›…'
,
'Internal - Sales Voucher'
,
'10'
,
'≈÷«›…'
,
'Add'
,
'ST_OUT_SAL_VOU_ID'
,
'020007000001'
,
'SL_IS_SLO_O'
,
'0'
,
'DESKTOP-H7UEPN2'
,
'hp'
,
'Win. User = hp , Machine = DESKTOP-H7UEPN2'
,
'V.[250527].1/(10.4.2).1.0.F.32'
,
'SA'
,
'001'
,
'2025-05-29'
,
'007'
,
'007'
,
'0'
,
'04:01:49'
,
'2025-05-29'
)
========================================================================================================================================================================================================
********************************************************************************************************************************************************************************************************
  Comp Id : <001>  User Id : <100>  Date :<2025-05-29>  Time :<04:37:26> - Version V.[250527].1/(10.4.2).1.0.F.32
Error in prepare query
Select A.*
From &DS_Offer_FOR_ITEM_TBL A
where A.FROM_DATE <="2025-05-29"
and A.TO_DATE >="2025-05-29"
And A.HELD ="0"
Order By A.DS_Offer_FOR_ITEM
========================================================================================================================================================================================================
********************************************************************************************************************************************************************************************************
  Comp Id : <001>  User Id : <100>  Date :<2025-05-29>  Time :<04:37:27> - Version V.[250527].1/(10.4.2).1.0.F.32
[FireDAC][Phys][ODBC][Microsoft][ODBC SQL Server Driver][SQL Server]Invalid column name 'DS_Offer_Slice'.
Select A.*
,B.ITEM_ID,B.QTY,B.OFFER_BP
From  AINSEBAA_DB.dbo.ACC011DS06  A (NOLOCK) 
, AINSEBAA_DB.dbo.ACC011DS061  B (NOLOCK) 
Where A.DS_Offer_Slice=B.DS_OFFER_SLICE
and A.FROM_DATE <='2025-05-29'
and A.TO_DATE >='2025-05-29'
And (A.HELD <'1' OR A.HELD IS NULL)
Order By A.DS_OFFER_SLICE,B.OFFER_BP
========================================================================================================================================================================================================
********************************************************************************************************************************************************************************************************
  Comp Id : <001>  User Id : <100>  Date :<2025-05-29>  Time :<04:38:38> - Version V.[250527].1/(10.4.2).1.0.F.32
[FireDAC][Phys][ODBC][Microsoft][ODBC SQL Server Driver][SQL Server]String or binary data would be truncated.
Insert into  AINSEBAA_DB.dbo.A000032T 
( S_SERIAL
,FORM_ANAME
,FORM_LNAME
,OP_TYPE
,OP_ANAME
,OP_LNAME
,DICT_ID
,DICT_VAL
,DICT_VAL_TYPE
,OP_CATEGORY
,MACHINE_NAME
,OS_USER
,LNAME
,ANAME
,MODULE_ID
,COMP_ID
,LAST_DATE
,USER_ID
,LAST_USER
,SENT
,ADD_TIME
,ADD_DATE
)
 Values 
(
'SA002S75SQ3M3LU'
,
'œ«Œ·Ì  - „” ‰œ  ’—› „»Ì⁄« -From:D_E_CR_INV -Key:020100000002 -Op:≈÷«›…'
,
'Internal - Sales Voucher'
,
'10'
,
'≈÷«›…'
,
'Add'
,
'ST_OUT_SAL_VOU_ID'
,
'020100000003'
,
'SL_IS_SLO_O'
,
'0'
,
'DESKTOP-H7UEPN2'
,
'hp'
,
'Win. User = hp , Machine = DESKTOP-H7UEPN2'
,
'V.[250527].1/(10.4.2).1.0.F.32'
,
'SA'
,
'001'
,
'2025-05-29'
,
'100'
,
'100'
,
'0'
,
'04:38:38'
,
'2025-05-29'
)
========================================================================================================================================================================================================
